<?xml version="1.0" encoding="UTF-8"?>
<testsuite xmlns:xsi="http://www.w3.org/2001/XMLSchema-instance" xsi:noNamespaceSchemaLocation="https://maven.apache.org/surefire/maven-surefire-plugin/xsd/surefire-test-report.xsd" name="github.dinosu.api.GithubTest" time="1.618" tests="2" errors="0" skipped="0" failures="0">
  <properties>
[...]
</properties>
  <testcase name="testUserRepoInfo" classname="github.dinosu.api.GithubTest" time="0.854"/>
  <testcase name="testUserInfo" classname="github.dinosu.api.GithubTest" time="0.764"/>
</testsuite>